{"C:\\Users\\maria\\Documents\\LIM014-mdlinks\\src\\api.js": {"path":"C:\\Users\\maria\\Documents\\LIM014-mdlinks\\src\\api.js","statementMap":{"0":{"start":{"line":1,"column":13},"end":{"line":1,"column":28}},"1":{"start":{"line":2,"column":11},"end":{"line":2,"column":24}},"2":{"start":{"line":3,"column":14},"end":{"line":3,"column":30}},"3":{"start":{"line":4,"column":20},"end":{"line":4,"column":74}},"4":{"start":{"line":5,"column":18},"end":{"line":5,"column":82}},"5":{"start":{"line":6,"column":18},"end":{"line":6,"column":66}},"6":{"start":{"line":7,"column":18},"end":{"line":7,"column":37}},"7":{"start":{"line":10,"column":21},"end":{"line":12,"column":5}},"8":{"start":{"line":11,"column":8},"end":{"line":11,"column":64}},"9":{"start":{"line":16,"column":29},"end":{"line":18,"column":5}},"10":{"start":{"line":17,"column":8},"end":{"line":17,"column":31}},"11":{"start":{"line":23,"column":14},"end":{"line":27,"column":1}},"12":{"start":{"line":24,"column":18},"end":{"line":24,"column":42}},"13":{"start":{"line":25,"column":24},"end":{"line":25,"column":54}},"14":{"start":{"line":26,"column":4},"end":{"line":26,"column":23}},"15":{"start":{"line":31,"column":20},"end":{"line":31,"column":62}},"16":{"start":{"line":31,"column":37},"end":{"line":31,"column":62}},"17":{"start":{"line":34,"column":16},"end":{"line":47,"column":1}},"18":{"start":{"line":35,"column":16},"end":{"line":35,"column":18}},"19":{"start":{"line":36,"column":29},"end":{"line":36,"column":46}},"20":{"start":{"line":38,"column":4},"end":{"line":45,"column":7}},"21":{"start":{"line":39,"column":25},"end":{"line":39,"column":44}},"22":{"start":{"line":40,"column":8},"end":{"line":44,"column":9}},"23":{"start":{"line":41,"column":12},"end":{"line":41,"column":33}},"24":{"start":{"line":42,"column":15},"end":{"line":44,"column":9}},"25":{"start":{"line":43,"column":12},"end":{"line":43,"column":52}},"26":{"start":{"line":46,"column":4},"end":{"line":46,"column":17}},"27":{"start":{"line":50,"column":17},"end":{"line":50,"column":51}},"28":{"start":{"line":50,"column":24},"end":{"line":50,"column":51}},"29":{"start":{"line":52,"column":16},"end":{"line":60,"column":1}},"30":{"start":{"line":53,"column":22},"end":{"line":53,"column":32}},"31":{"start":{"line":54,"column":23},"end":{"line":54,"column":25}},"32":{"start":{"line":55,"column":4},"end":{"line":58,"column":6}},"33":{"start":{"line":56,"column":21},"end":{"line":56,"column":38}},"34":{"start":{"line":57,"column":8},"end":{"line":57,"column":30}},"35":{"start":{"line":59,"column":4},"end":{"line":59,"column":22}},"36":{"start":{"line":64,"column":19},"end":{"line":87,"column":1}},"37":{"start":{"line":65,"column":21},"end":{"line":65,"column":23}},"38":{"start":{"line":66,"column":29},"end":{"line":66,"column":39}},"39":{"start":{"line":68,"column":4},"end":{"line":85,"column":7}},"40":{"start":{"line":69,"column":25},"end":{"line":69,"column":57}},"41":{"start":{"line":70,"column":22},"end":{"line":70,"column":47}},"42":{"start":{"line":71,"column":8},"end":{"line":84,"column":9}},"43":{"start":{"line":72,"column":12},"end":{"line":83,"column":15}},"44":{"start":{"line":73,"column":31},"end":{"line":73,"column":72}},"45":{"start":{"line":74,"column":31},"end":{"line":74,"column":72}},"46":{"start":{"line":76,"column":33},"end":{"line":80,"column":17}},"47":{"start":{"line":82,"column":16},"end":{"line":82,"column":40}},"48":{"start":{"line":86,"column":4},"end":{"line":86,"column":20}},"49":{"start":{"line":94,"column":22},"end":{"line":127,"column":6}},"50":{"start":{"line":94,"column":34},"end":{"line":127,"column":6}},"51":{"start":{"line":96,"column":8},"end":{"line":105,"column":9}},"52":{"start":{"line":98,"column":12},"end":{"line":104,"column":14}},"53":{"start":{"line":108,"column":8},"end":{"line":126,"column":9}},"54":{"start":{"line":110,"column":12},"end":{"line":116,"column":14}},"55":{"start":{"line":119,"column":12},"end":{"line":125,"column":14}},"56":{"start":{"line":131,"column":27},"end":{"line":140,"column":1}},"57":{"start":{"line":132,"column":22},"end":{"line":132,"column":24}},"58":{"start":{"line":133,"column":4},"end":{"line":137,"column":7}},"59":{"start":{"line":134,"column":26},"end":{"line":134,"column":42}},"60":{"start":{"line":136,"column":8},"end":{"line":136,"column":34}},"61":{"start":{"line":139,"column":4},"end":{"line":139,"column":23}},"62":{"start":{"line":143,"column":19},"end":{"line":147,"column":1}},"63":{"start":{"line":151,"column":0},"end":{"line":160,"column":1}}},"fnMap":{"0":{"name":"(anonymous_0)","decl":{"start":{"line":10,"column":21},"end":{"line":10,"column":22}},"loc":{"start":{"line":10,"column":28},"end":{"line":12,"column":5}},"line":10},"1":{"name":"(anonymous_1)","decl":{"start":{"line":16,"column":29},"end":{"line":16,"column":30}},"loc":{"start":{"line":16,"column":36},"end":{"line":18,"column":5}},"line":16},"2":{"name":"(anonymous_2)","decl":{"start":{"line":23,"column":14},"end":{"line":23,"column":15}},"loc":{"start":{"line":23,"column":31},"end":{"line":27,"column":1}},"line":23},"3":{"name":"(anonymous_3)","decl":{"start":{"line":31,"column":20},"end":{"line":31,"column":21}},"loc":{"start":{"line":31,"column":37},"end":{"line":31,"column":62}},"line":31},"4":{"name":"(anonymous_4)","decl":{"start":{"line":34,"column":16},"end":{"line":34,"column":17}},"loc":{"start":{"line":34,"column":23},"end":{"line":47,"column":1}},"line":34},"5":{"name":"(anonymous_5)","decl":{"start":{"line":38,"column":29},"end":{"line":38,"column":30}},"loc":{"start":{"line":38,"column":40},"end":{"line":45,"column":5}},"line":38},"6":{"name":"(anonymous_6)","decl":{"start":{"line":50,"column":17},"end":{"line":50,"column":18}},"loc":{"start":{"line":50,"column":24},"end":{"line":50,"column":51}},"line":50},"7":{"name":"(anonymous_7)","decl":{"start":{"line":52,"column":16},"end":{"line":52,"column":17}},"loc":{"start":{"line":52,"column":23},"end":{"line":60,"column":1}},"line":52},"8":{"name":"(anonymous_8)","decl":{"start":{"line":55,"column":22},"end":{"line":55,"column":23}},"loc":{"start":{"line":55,"column":35},"end":{"line":58,"column":5}},"line":55},"9":{"name":"(anonymous_9)","decl":{"start":{"line":64,"column":19},"end":{"line":64,"column":20}},"loc":{"start":{"line":64,"column":26},"end":{"line":87,"column":1}},"line":64},"10":{"name":"(anonymous_10)","decl":{"start":{"line":68,"column":29},"end":{"line":68,"column":30}},"loc":{"start":{"line":68,"column":41},"end":{"line":85,"column":5}},"line":68},"11":{"name":"(anonymous_11)","decl":{"start":{"line":72,"column":26},"end":{"line":72,"column":27}},"loc":{"start":{"line":72,"column":36},"end":{"line":83,"column":13}},"line":72},"12":{"name":"(anonymous_12)","decl":{"start":{"line":94,"column":22},"end":{"line":94,"column":23}},"loc":{"start":{"line":94,"column":34},"end":{"line":127,"column":6}},"line":94},"13":{"name":"(anonymous_13)","decl":{"start":{"line":95,"column":10},"end":{"line":95,"column":11}},"loc":{"start":{"line":95,"column":24},"end":{"line":106,"column":5}},"line":95},"14":{"name":"(anonymous_14)","decl":{"start":{"line":107,"column":11},"end":{"line":107,"column":12}},"loc":{"start":{"line":107,"column":22},"end":{"line":127,"column":5}},"line":107},"15":{"name":"(anonymous_15)","decl":{"start":{"line":131,"column":27},"end":{"line":131,"column":28}},"loc":{"start":{"line":131,"column":43},"end":{"line":140,"column":1}},"line":131},"16":{"name":"(anonymous_16)","decl":{"start":{"line":133,"column":23},"end":{"line":133,"column":24}},"loc":{"start":{"line":133,"column":30},"end":{"line":137,"column":5}},"line":133}},"branchMap":{"0":{"loc":{"start":{"line":11,"column":15},"end":{"line":11,"column":64}},"type":"cond-expr","locations":[{"start":{"line":11,"column":45},"end":{"line":11,"column":46}},{"start":{"line":11,"column":49},"end":{"line":11,"column":64}}],"line":11},"1":{"loc":{"start":{"line":40,"column":8},"end":{"line":44,"column":9}},"type":"if","locations":[{"start":{"line":40,"column":8},"end":{"line":44,"column":9}},{"start":{"line":40,"column":8},"end":{"line":44,"column":9}}],"line":40},"2":{"loc":{"start":{"line":42,"column":15},"end":{"line":44,"column":9}},"type":"if","locations":[{"start":{"line":42,"column":15},"end":{"line":44,"column":9}},{"start":{"line":42,"column":15},"end":{"line":44,"column":9}}],"line":42},"3":{"loc":{"start":{"line":71,"column":8},"end":{"line":84,"column":9}},"type":"if","locations":[{"start":{"line":71,"column":8},"end":{"line":84,"column":9}},{"start":{"line":71,"column":8},"end":{"line":84,"column":9}}],"line":71},"4":{"loc":{"start":{"line":96,"column":8},"end":{"line":105,"column":9}},"type":"if","locations":[{"start":{"line":96,"column":8},"end":{"line":105,"column":9}},{"start":{"line":96,"column":8},"end":{"line":105,"column":9}}],"line":96},"5":{"loc":{"start":{"line":108,"column":8},"end":{"line":126,"column":9}},"type":"if","locations":[{"start":{"line":108,"column":8},"end":{"line":126,"column":9}},{"start":{"line":108,"column":8},"end":{"line":126,"column":9}}],"line":108}},"s":{"0":1,"1":1,"2":1,"3":1,"4":1,"5":1,"6":1,"7":1,"8":3,"9":1,"10":3,"11":1,"12":12,"13":12,"14":12,"15":1,"16":27,"17":1,"18":12,"19":12,"20":12,"21":27,"22":27,"23":15,"24":12,"25":9,"26":12,"27":1,"28":0,"29":1,"30":0,"31":0,"32":0,"33":0,"34":0,"35":0,"36":1,"37":3,"38":3,"39":3,"40":15,"41":15,"42":15,"43":9,"44":18,"45":18,"46":18,"47":18,"48":3,"49":1,"50":12,"51":0,"52":0,"53":0,"54":0,"55":0,"56":1,"57":2,"58":2,"59":12,"60":12,"61":2,"62":1,"63":1},"f":{"0":3,"1":3,"2":12,"3":27,"4":12,"5":27,"6":0,"7":0,"8":0,"9":3,"10":15,"11":18,"12":12,"13":0,"14":0,"15":2,"16":12},"b":{"0":[3,0],"1":[15,12],"2":[9,3],"3":[9,6],"4":[0,0],"5":[0,0]},"_coverageSchema":"1a1c01bbd47fc00a2c39e90264f33305004495a9","hash":"cc9fd08d9af22d643da48e0475b614c4a90aa3c1"}
,"C:\\Users\\maria\\Documents\\LIM014-mdlinks\\src\\index.js": {"path":"C:\\Users\\maria\\Documents\\LIM014-mdlinks\\src\\index.js","statementMap":{"0":{"start":{"line":1,"column":12},"end":{"line":1,"column":28}},"1":{"start":{"line":4,"column":13},"end":{"line":4,"column":28}},"2":{"start":{"line":5,"column":11},"end":{"line":5,"column":24}},"3":{"start":{"line":7,"column":28},"end":{"line":7,"column":82}},"4":{"start":{"line":8,"column":28},"end":{"line":8,"column":48}},"5":{"start":{"line":11,"column":16},"end":{"line":33,"column":2}},"6":{"start":{"line":11,"column":56},"end":{"line":33,"column":2}},"7":{"start":{"line":12,"column":25},"end":{"line":12,"column":47}},"8":{"start":{"line":13,"column":25},"end":{"line":13,"column":55}},"9":{"start":{"line":14,"column":23},"end":{"line":14,"column":69}},"10":{"start":{"line":16,"column":4},"end":{"line":32,"column":5}},"11":{"start":{"line":17,"column":8},"end":{"line":17,"column":38}},"12":{"start":{"line":19,"column":27},"end":{"line":19,"column":55}},"13":{"start":{"line":21,"column":8},"end":{"line":31,"column":9}},"14":{"start":{"line":22,"column":40},"end":{"line":22,"column":74}},"15":{"start":{"line":23,"column":12},"end":{"line":23,"column":54}},"16":{"start":{"line":26,"column":12},"end":{"line":28,"column":15}},"17":{"start":{"line":30,"column":12},"end":{"line":30,"column":32}},"18":{"start":{"line":34,"column":0},"end":{"line":37,"column":39}},"19":{"start":{"line":36,"column":8},"end":{"line":36,"column":28}},"20":{"start":{"line":37,"column":22},"end":{"line":37,"column":38}},"21":{"start":{"line":40,"column":0},"end":{"line":40,"column":28}}},"fnMap":{"0":{"name":"(anonymous_0)","decl":{"start":{"line":11,"column":16},"end":{"line":11,"column":17}},"loc":{"start":{"line":11,"column":56},"end":{"line":33,"column":2}},"line":11},"1":{"name":"(anonymous_1)","decl":{"start":{"line":11,"column":68},"end":{"line":11,"column":69}},"loc":{"start":{"line":11,"column":89},"end":{"line":33,"column":1}},"line":11},"2":{"name":"(anonymous_2)","decl":{"start":{"line":26,"column":50},"end":{"line":26,"column":51}},"loc":{"start":{"line":26,"column":62},"end":{"line":28,"column":13}},"line":26},"3":{"name":"(anonymous_3)","decl":{"start":{"line":35,"column":10},"end":{"line":35,"column":11}},"loc":{"start":{"line":35,"column":22},"end":{"line":37,"column":5}},"line":35},"4":{"name":"(anonymous_4)","decl":{"start":{"line":37,"column":13},"end":{"line":37,"column":14}},"loc":{"start":{"line":37,"column":22},"end":{"line":37,"column":38}},"line":37}},"branchMap":{"0":{"loc":{"start":{"line":11,"column":23},"end":{"line":11,"column":51}},"type":"default-arg","locations":[{"start":{"line":11,"column":32},"end":{"line":11,"column":51}}],"line":11},"1":{"loc":{"start":{"line":16,"column":4},"end":{"line":32,"column":5}},"type":"if","locations":[{"start":{"line":16,"column":4},"end":{"line":32,"column":5}},{"start":{"line":16,"column":4},"end":{"line":32,"column":5}}],"line":16},"2":{"loc":{"start":{"line":21,"column":8},"end":{"line":31,"column":9}},"type":"if","locations":[{"start":{"line":21,"column":8},"end":{"line":31,"column":9}},{"start":{"line":21,"column":8},"end":{"line":31,"column":9}}],"line":21}},"s":{"0":1,"1":1,"2":1,"3":1,"4":1,"5":1,"6":3,"7":3,"8":3,"9":3,"10":3,"11":0,"12":3,"13":3,"14":2,"15":2,"16":2,"17":1,"18":1,"19":0,"20":0,"21":1},"f":{"0":3,"1":3,"2":0,"3":0,"4":0},"b":{"0":[0],"1":[0,3],"2":[2,1]},"_coverageSchema":"1a1c01bbd47fc00a2c39e90264f33305004495a9","hash":"40c2a0a0df1ce3b831c60ac2d3b34d9fc6a136b2"}
}
