TN:
SF:src\api.js
FN:10,(anonymous_0)
FN:16,(anonymous_1)
FN:23,(anonymous_2)
FN:31,(anonymous_3)
FN:34,(anonymous_4)
FN:38,(anonymous_5)
FN:50,(anonymous_6)
FN:52,(anonymous_7)
FN:55,(anonymous_8)
FN:64,(anonymous_9)
FN:68,(anonymous_10)
FN:72,(anonymous_11)
FN:94,(anonymous_12)
FN:95,(anonymous_13)
FN:107,(anonymous_14)
FN:131,(anonymous_15)
FN:133,(anonymous_16)
FNF:17
FNH:9
FNDA:2,(anonymous_0)
FNDA:2,(anonymous_1)
FNDA:8,(anonymous_2)
FNDA:18,(anonymous_3)
FNDA:8,(anonymous_4)
FNDA:18,(anonymous_5)
FNDA:0,(anonymous_6)
FNDA:0,(anonymous_7)
FNDA:0,(anonymous_8)
FNDA:2,(anonymous_9)
FNDA:10,(anonymous_10)
FNDA:12,(anonymous_11)
FNDA:0,(anonymous_12)
FNDA:0,(anonymous_13)
FNDA:0,(anonymous_14)
FNDA:0,(anonymous_15)
FNDA:0,(anonymous_16)
DA:1,1
DA:2,1
DA:3,1
DA:4,1
DA:5,1
DA:6,1
DA:7,1
DA:10,1
DA:11,2
DA:16,1
DA:17,2
DA:23,1
DA:24,8
DA:25,8
DA:26,8
DA:31,18
DA:34,1
DA:35,8
DA:36,8
DA:38,8
DA:39,18
DA:40,18
DA:41,10
DA:42,8
DA:43,6
DA:46,8
DA:50,1
DA:52,1
DA:53,0
DA:54,0
DA:55,0
DA:56,0
DA:57,0
DA:59,0
DA:64,1
DA:65,2
DA:66,2
DA:68,2
DA:69,10
DA:70,10
DA:71,10
DA:72,6
DA:73,12
DA:74,12
DA:76,12
DA:82,12
DA:86,2
DA:94,1
DA:96,0
DA:98,0
DA:108,0
DA:110,0
DA:119,0
DA:131,1
DA:132,0
DA:133,0
DA:134,0
DA:136,0
DA:139,0
DA:143,1
DA:151,1
LF:61
LH:45
BRDA:11,0,0,2
BRDA:11,0,1,0
BRDA:40,1,0,10
BRDA:40,1,1,8
BRDA:42,2,0,6
BRDA:42,2,1,2
BRDA:71,3,0,6
BRDA:71,3,1,4
BRDA:96,4,0,0
BRDA:96,4,1,0
BRDA:108,5,0,0
BRDA:108,5,1,0
BRF:12
BRH:7
end_of_record
TN:
SF:src\index.js
FN:11,(anonymous_0)
FN:11,(anonymous_1)
FN:26,(anonymous_2)
FN:34,(anonymous_3)
FNF:4
FNH:3
FNDA:2,(anonymous_0)
FNDA:2,(anonymous_1)
FNDA:0,(anonymous_2)
FNDA:1,(anonymous_3)
DA:1,1
DA:4,1
DA:5,1
DA:7,1
DA:8,1
DA:11,2
DA:12,2
DA:13,2
DA:14,2
DA:16,2
DA:17,0
DA:19,2
DA:21,2
DA:22,0
DA:23,0
DA:26,0
DA:30,2
DA:34,1
DA:35,1
DA:39,1
LF:20
LH:16
BRDA:11,0,0,0
BRDA:16,1,0,0
BRDA:16,1,1,2
BRDA:21,2,0,0
BRDA:21,2,1,2
BRF:5
BRH:2
end_of_record
