TN:
SF:src\api.js
FN:10,(anonymous_0)
FN:16,(anonymous_1)
FN:23,(anonymous_2)
FN:31,(anonymous_3)
FN:34,(anonymous_4)
FN:38,(anonymous_5)
FN:50,(anonymous_6)
FN:52,(anonymous_7)
FN:55,(anonymous_8)
FN:64,(anonymous_9)
FN:68,(anonymous_10)
FN:72,(anonymous_11)
FN:94,(anonymous_12)
FN:95,(anonymous_13)
FN:107,(anonymous_14)
FN:131,(anonymous_15)
FN:133,(anonymous_16)
FNF:17
FNH:12
FNDA:3,(anonymous_0)
FNDA:3,(anonymous_1)
FNDA:12,(anonymous_2)
FNDA:27,(anonymous_3)
FNDA:12,(anonymous_4)
FNDA:27,(anonymous_5)
FNDA:0,(anonymous_6)
FNDA:0,(anonymous_7)
FNDA:0,(anonymous_8)
FNDA:3,(anonymous_9)
FNDA:15,(anonymous_10)
FNDA:18,(anonymous_11)
FNDA:12,(anonymous_12)
FNDA:0,(anonymous_13)
FNDA:0,(anonymous_14)
FNDA:2,(anonymous_15)
FNDA:12,(anonymous_16)
DA:1,1
DA:2,1
DA:3,1
DA:4,1
DA:5,1
DA:6,1
DA:7,1
DA:10,1
DA:11,3
DA:16,1
DA:17,3
DA:23,1
DA:24,12
DA:25,12
DA:26,12
DA:31,27
DA:34,1
DA:35,12
DA:36,12
DA:38,12
DA:39,27
DA:40,27
DA:41,15
DA:42,12
DA:43,9
DA:46,12
DA:50,1
DA:52,1
DA:53,0
DA:54,0
DA:55,0
DA:56,0
DA:57,0
DA:59,0
DA:64,1
DA:65,3
DA:66,3
DA:68,3
DA:69,15
DA:70,15
DA:71,15
DA:72,9
DA:73,18
DA:74,18
DA:76,18
DA:82,18
DA:86,3
DA:94,12
DA:96,0
DA:98,0
DA:108,0
DA:110,0
DA:119,0
DA:131,1
DA:132,2
DA:133,2
DA:134,12
DA:136,12
DA:139,2
DA:143,1
DA:151,1
LF:61
LH:50
BRDA:11,0,0,3
BRDA:11,0,1,0
BRDA:40,1,0,15
BRDA:40,1,1,12
BRDA:42,2,0,9
BRDA:42,2,1,3
BRDA:71,3,0,9
BRDA:71,3,1,6
BRDA:96,4,0,0
BRDA:96,4,1,0
BRDA:108,5,0,0
BRDA:108,5,1,0
BRF:12
BRH:7
end_of_record
TN:
SF:src\index.js
FN:11,(anonymous_0)
FN:11,(anonymous_1)
FN:26,(anonymous_2)
FN:35,(anonymous_3)
FN:37,(anonymous_4)
FNF:5
FNH:2
FNDA:3,(anonymous_0)
FNDA:3,(anonymous_1)
FNDA:0,(anonymous_2)
FNDA:0,(anonymous_3)
FNDA:0,(anonymous_4)
DA:1,1
DA:4,1
DA:5,1
DA:7,1
DA:8,1
DA:11,3
DA:12,3
DA:13,3
DA:14,3
DA:16,3
DA:17,0
DA:19,3
DA:21,3
DA:22,2
DA:23,2
DA:26,2
DA:30,1
DA:34,1
DA:36,0
DA:37,0
DA:40,1
LF:21
LH:18
BRDA:11,0,0,0
BRDA:16,1,0,0
BRDA:16,1,1,3
BRDA:21,2,0,2
BRDA:21,2,1,1
BRF:5
BRH:3
end_of_record
